2018-04-16 23:54:21,193 INFO o.a.j.u.JMeterUtils: Setting Locale to en_US
2018-04-16 23:54:21,207 INFO o.a.j.JMeter: Loading user properties from: C:\development\apache-jmeter-3.2\bin\user.properties
2018-04-16 23:54:21,208 INFO o.a.j.JMeter: Loading system properties from: C:\development\apache-jmeter-3.2\bin\system.properties
2018-04-16 23:54:21,214 INFO o.a.j.JMeter: Copyright (c) 1998-2017 The Apache Software Foundation
2018-04-16 23:54:21,215 INFO o.a.j.JMeter: Version 3.2 r1790748
2018-04-16 23:54:21,215 INFO o.a.j.JMeter: java.version=1.8.0_152-ea
2018-04-16 23:54:21,215 INFO o.a.j.JMeter: java.vm.name=Java HotSpot(TM) 64-Bit Server VM
2018-04-16 23:54:21,215 INFO o.a.j.JMeter: os.name=Windows 10
2018-04-16 23:54:21,215 INFO o.a.j.JMeter: os.arch=amd64
2018-04-16 23:54:21,215 INFO o.a.j.JMeter: os.version=10.0
2018-04-16 23:54:21,215 INFO o.a.j.JMeter: file.encoding=Cp1252
2018-04-16 23:54:21,215 INFO o.a.j.JMeter: Max memory     =536870912
2018-04-16 23:54:21,215 INFO o.a.j.JMeter: Available Processors =4
2018-04-16 23:54:21,219 INFO o.a.j.JMeter: Default Locale=English (United States)
2018-04-16 23:54:21,219 INFO o.a.j.JMeter: JMeter  Locale=English (United States)
2018-04-16 23:54:21,219 INFO o.a.j.JMeter: JMeterHome=C:\development\apache-jmeter-3.2
2018-04-16 23:54:21,219 INFO o.a.j.JMeter: user.dir  =C:\development\IdeaProjects\JavaBasic\src
2018-04-16 23:54:21,220 INFO o.a.j.JMeter: PWD       =C:\development\IdeaProjects\JavaBasic\src
2018-04-16 23:54:21,221 INFO o.a.j.JMeter: IP: 192.168.5.219 Name: ChrisYe FullName: ChrisYe
2018-04-16 23:54:21,224 INFO o.a.j.s.FileServer: Default base='C:\development\IdeaProjects\JavaBasic\src'
2018-04-16 23:54:21,224 INFO o.a.j.s.FileServer: Set new base='C:\development\jmeter-script\service-insights'
2018-04-16 23:54:21,348 INFO o.a.j.s.SaveService: Testplan (JMX) version: 2.2. Testlog (JTL) version: 2.2
2018-04-16 23:54:21,362 INFO o.a.j.s.SaveService: Using SaveService properties file encoding UTF-8
2018-04-16 23:54:21,368 INFO o.a.j.s.SaveService: Using SaveService properties version 3.2
2018-04-16 23:54:21,374 INFO o.a.j.s.SaveService: Loading file: C:\development\jmeter-script\service-insights\Portfolio Pruning Playbook.jmx
2018-04-16 23:54:21,441 INFO o.a.j.p.h.s.HTTPSamplerBase: Parser for text/html is org.apache.jmeter.protocol.http.parser.LagartoBasedHtmlParser
2018-04-16 23:54:21,441 INFO o.a.j.p.h.s.HTTPSamplerBase: Parser for application/xhtml+xml is org.apache.jmeter.protocol.http.parser.LagartoBasedHtmlParser
2018-04-16 23:54:21,441 INFO o.a.j.p.h.s.HTTPSamplerBase: Parser for application/xml is org.apache.jmeter.protocol.http.parser.LagartoBasedHtmlParser
2018-04-16 23:54:21,441 INFO o.a.j.p.h.s.HTTPSamplerBase: Parser for text/xml is org.apache.jmeter.protocol.http.parser.LagartoBasedHtmlParser
2018-04-16 23:54:21,441 INFO o.a.j.p.h.s.HTTPSamplerBase: Parser for text/vnd.wap.wml is org.apache.jmeter.protocol.http.parser.RegexpHTMLParser
2018-04-16 23:54:21,441 INFO o.a.j.p.h.s.HTTPSamplerBase: Parser for text/css is org.apache.jmeter.protocol.http.parser.CssParser
2018-04-16 23:54:21,640 INFO o.a.j.JMeter: Creating summariser <summary>
2018-04-16 23:54:21,653 INFO o.a.j.e.StandardJMeterEngine: Running the test!
2018-04-16 23:54:21,667 INFO o.a.j.s.SampleEvent: List of sample_variables: []
2018-04-16 23:54:21,667 INFO o.a.j.s.SampleEvent: List of sample_variables: []
2018-04-16 23:54:21,670 INFO o.a.j.e.u.CompoundVariable: Note: Function class names must contain the string: '.functions.'
2018-04-16 23:54:21,670 INFO o.a.j.e.u.CompoundVariable: Note: Function class names must not contain the string: '.gui.'
2018-04-16 23:54:22,057 INFO o.a.j.t.TestPlan: added C:\development\apache-jmeter-3.2\lib\DESUtils.jar to classpath
2018-04-16 23:54:22,092 INFO o.a.j.JMeter: Running test (1523894062092)
2018-04-16 23:54:22,141 INFO o.a.j.e.StandardJMeterEngine: Starting ThreadGroup: 1 : pruning_saving_list
2018-04-16 23:54:22,142 INFO o.a.j.e.StandardJMeterEngine: Starting 1 threads for group pruning_saving_list.
2018-04-16 23:54:22,142 INFO o.a.j.e.StandardJMeterEngine: Thread will continue on error
2018-04-16 23:54:22,143 INFO o.a.j.t.ThreadGroup: Starting thread group... number=1 threads=1 ramp-up=1 perThread=1000.0 delayedStart=false
2018-04-16 23:54:22,152 INFO o.a.j.t.ThreadGroup: Started thread group number 1
2018-04-16 23:54:22,152 INFO o.a.j.e.StandardJMeterEngine: All thread groups have been started
2018-04-16 23:54:22,161 INFO o.a.j.t.JMeterThread: Thread started: pruning_saving_list 1-1
2018-04-16 23:54:22,163 INFO o.a.j.s.FileServer: Stored: TestData.dat
2018-04-16 23:54:22,184 INFO o.a.j.p.h.s.HTTPHCAbstractImpl: Local host = ChrisYe
2018-04-16 23:54:22,188 INFO o.a.j.p.h.s.HTTPHC4Impl: HTTP request retry count = 0
2018-04-16 23:54:22,194 INFO o.a.j.s.SampleResult: Note: Sample TimeStamps are START times
2018-04-16 23:54:22,195 INFO o.a.j.s.SampleResult: sampleresult.default.encoding is set to ISO-8859-1
2018-04-16 23:54:22,195 INFO o.a.j.s.SampleResult: sampleresult.useNanoTime=true
2018-04-16 23:54:22,195 INFO o.a.j.s.SampleResult: sampleresult.nanoThreadSleep=5000
2018-04-16 23:54:25,388 INFO o.a.j.u.BeanShellTestElement: CAEBB2D7DEABA717D3A9F821430B2504C3B2085ECC095D51BCCCECA841424D1BDE7D4BE8DB7A3B594E7CA5FC47759B468281B456B8B96B861381D4467720B1295AF46F8AF2279FA2
2018-04-16 23:54:25,404 INFO o.a.j.t.JMeterThread: Thread is done: pruning_saving_list 1-1
2018-04-16 23:54:25,404 INFO o.a.j.t.JMeterThread: Thread finished: pruning_saving_list 1-1
2018-04-16 23:54:25,404 INFO o.a.j.e.StandardJMeterEngine: Notifying test listeners of end of test
2018-04-16 23:54:25,405 INFO o.a.j.s.FileServer: Close: TestData.dat
2018-04-16 23:54:25,405 INFO o.a.j.r.Summariser: summary =      4 in 00:00:03 =    1.2/s Avg:   784 Min:     5 Max:  1795 Err:     2 (50.00%)
